1525435710050	geckodriver	INFO	Listening on 127.0.0.1:55084
1525435712017	mozprofile::profile	INFO	Using profile path C:\Users\MSTEMP~1\AppData\Local\Temp\rust_mozprofile.DqbSSqfeSJm0
1525435712052	geckodriver::marionette	INFO	Starting browser C:\Program Files (x86)\Mozilla Firefox\firefox.exe
1525435712066	geckodriver::marionette	INFO	Connecting to Marionette on localhost:55090
Error restarting: The system cannot find the file specified.

1525435714580	addons.manager	DEBUG	Application has been upgraded
1525435714867	addons.manager	DEBUG	Loaded provider scope for resource://gre/modules/addons/XPIProvider.jsm: ["XPIProvider"]
1525435714872	addons.manager	DEBUG	Loaded provider scope for resource://gre/modules/LightweightThemeManager.jsm: ["LightweightThemeManager"]
1525435714887	addons.manager	DEBUG	Loaded provider scope for resource://gre/modules/addons/GMPProvider.jsm
1525435714889	addons.manager	DEBUG	Loaded provider scope for resource://gre/modules/addons/PluginProvider.jsm
1525435714890	addons.manager	DEBUG	Starting provider: XPIProvider
1525435714891	addons.xpi	DEBUG	startup
1525435714893	addons.xpi	INFO	SystemAddonInstallLocation directory is missing
1525435714895	addons.xpi	INFO	Mapping e10srollout@mozilla.org to C:\Program Files (x86)\Mozilla Firefox\browser\features\e10srollout@mozilla.org.xpi
1525435714895	addons.xpi	INFO	Mapping firefox@getpocket.com to C:\Program Files (x86)\Mozilla Firefox\browser\features\firefox@getpocket.com.xpi
1525435714896	addons.xpi	INFO	Mapping webcompat@mozilla.org to C:\Program Files (x86)\Mozilla Firefox\browser\features\webcompat@mozilla.org.xpi
1525435714897	addons.xpi	INFO	Mapping {972ce4c6-7e08-4474-a285-3208198ce6fd} to C:\Program Files (x86)\Mozilla Firefox\browser\extensions\{972ce4c6-7e08-4474-a285-3208198ce6fd}.xpi
1525435714898	addons.xpi	DEBUG	checkForChanges
1525435714899	addons.xpi	DEBUG	Loaded add-on state from prefs: {}
1525435714900	addons.xpi	DEBUG	New add-on e10srollout@mozilla.org in app-system-defaults
1525435714901	addons.xpi	DEBUG	getModTime: Recursive scan of e10srollout@mozilla.org
1525435714901	addons.xpi	DEBUG	New add-on firefox@getpocket.com in app-system-defaults
1525435714902	addons.xpi	DEBUG	getModTime: Recursive scan of firefox@getpocket.com
1525435714902	addons.xpi	DEBUG	New add-on webcompat@mozilla.org in app-system-defaults
1525435714903	addons.xpi	DEBUG	getModTime: Recursive scan of webcompat@mozilla.org
1525435714903	addons.xpi	DEBUG	New add-on {972ce4c6-7e08-4474-a285-3208198ce6fd} in app-global
1525435714903	addons.xpi	DEBUG	getModTime: Recursive scan of {972ce4c6-7e08-4474-a285-3208198ce6fd}
1525435714904	addons.xpi	DEBUG	getInstallState changed: true, state: {"app-system-defaults":{"e10srollout@mozilla.org":{"d":"C:\\Program Files (x86)\\Mozilla Firefox\\browser\\features\\e10srollout@mozilla.org.xpi","st":1474051718000},"firefox@getpocket.com":{"d":"C:\\Program Files (x86)\\Mozilla Firefox\\browser\\features\\firefox@getpocket.com.xpi","st":1474051718000},"webcompat@mozilla.org":{"d":"C:\\Program Files (x86)\\Mozilla Firefox\\browser\\features\\webcompat@mozilla.org.xpi","st":1474051718000}},"app-global":{"{972ce4c6-7e08-4474-a285-3208198ce6fd}":{"d":"C:\\Program Files (x86)\\Mozilla Firefox\\browser\\extensions\\{972ce4c6-7e08-4474-a285-3208198ce6fd}.xpi","st":1474051718000}}}
1525435714916	addons.xpi-utils	DEBUG	Opening XPI database C:\Users\MSTEMP~1\AppData\Local\Temp\rust_mozprofile.DqbSSqfeSJm0\extensions.json
1525435714919	addons.xpi-utils	DEBUG	New add-on e10srollout@mozilla.org installed in app-system-defaults
*** Blocklist::_loadBlocklistFromFile: blocklist is disabled
1525435714946	DeferredSave.extensions.json	DEBUG	Save changes
1525435714947	addons.xpi-utils	DEBUG	New add-on firefox@getpocket.com installed in app-system-defaults
1525435714952	DeferredSave.extensions.json	DEBUG	Starting timer
1525435714954	DeferredSave.extensions.json	DEBUG	Save changes
1525435714954	addons.xpi-utils	DEBUG	New add-on webcompat@mozilla.org installed in app-system-defaults
1525435714968	DeferredSave.extensions.json	DEBUG	Save changes
1525435714969	addons.xpi-utils	DEBUG	New add-on {972ce4c6-7e08-4474-a285-3208198ce6fd} installed in app-global
1525435714988	DeferredSave.extensions.json	DEBUG	Save changes
1525435714997	addons.xpi	DEBUG	Loading bootstrap scope from C:\Program Files (x86)\Mozilla Firefox\browser\features\e10srollout@mozilla.org.xpi
1525435715014	addons.xpi	DEBUG	Calling bootstrap method install on e10srollout@mozilla.org version 1.2
1525435715015	addons.xpi-utils	DEBUG	Make addon app-system-defaults:e10srollout@mozilla.org visible
1525435715015	DeferredSave.extensions.json	DEBUG	Save changes
1525435715016	addons.xpi	DEBUG	Loading bootstrap scope from C:\Program Files (x86)\Mozilla Firefox\browser\features\firefox@getpocket.com.xpi
1525435715022	addons.xpi	DEBUG	Calling bootstrap method install on firefox@getpocket.com version 1.0.4
1525435715022	addons.xpi-utils	DEBUG	Make addon app-system-defaults:firefox@getpocket.com visible
1525435715023	DeferredSave.extensions.json	DEBUG	Save changes
1525435715025	addons.xpi	DEBUG	Loading bootstrap scope from C:\Program Files (x86)\Mozilla Firefox\browser\features\webcompat@mozilla.org.xpi
1525435715029	addons.xpi	DEBUG	Calling bootstrap method install on webcompat@mozilla.org version 1.0
1525435715029	addons.xpi-utils	DEBUG	Make addon app-system-defaults:webcompat@mozilla.org visible
1525435715029	DeferredSave.extensions.json	DEBUG	Save changes
1525435715030	addons.xpi-utils	DEBUG	Make addon app-global:{972ce4c6-7e08-4474-a285-3208198ce6fd} visible
1525435715030	DeferredSave.extensions.json	DEBUG	Save changes
1525435715031	addons.xpi	DEBUG	Updating XPIState for {"id":"e10srollout@mozilla.org","syncGUID":"ND89EtAXTTAB","location":"app-system-defaults","version":"1.2","type":"extension","internalName":null,"updateURL":null,"updateKey":null,"optionsURL":null,"optionsType":null,"aboutURL":null,"icons":{},"iconURL":null,"icon64URL":null,"defaultLocale":{"name":"Multi-process staged rollout","description":"Staged rollout of Firefox multi-process feature.","creator":null,"homepageURL":null},"visible":true,"active":true,"userDisabled":false,"appDisabled":false,"descriptor":"C:\\Program Files (x86)\\Mozilla Firefox\\browser\\features\\e10srollout@mozilla.org.xpi","installDate":1474051718000,"updateDate":1474051718000,"applyBackgroundUpdates":1,"bootstrap":true,"skinnable":false,"size":5714,"sourceURI":null,"releaseNotesURI":null,"softDisabled":false,"foreignInstall":false,"hasBinaryComponents":false,"strictCompatibility":false,"locales":[],"targetApplications":[{"id":"{ec8030f7-c20a-464f-9b0e-13a3a9e97384}","minVersion":"49.0","maxVersion":"49.*"}],"targetPlatforms":[],"multiprocessCompatible":false,"seen":true}
1525435715031	addons.xpi	DEBUG	getModTime: Recursive scan of e10srollout@mozilla.org
1525435715033	addons.xpi	DEBUG	Updating XPIState for {"id":"firefox@getpocket.com","syncGUID":"ZnbCnHcUDwQ7","location":"app-system-defaults","version":"1.0.4","type":"extension","internalName":null,"updateURL":null,"updateKey":null,"optionsURL":null,"optionsType":null,"aboutURL":null,"icons":{},"iconURL":null,"icon64URL":null,"defaultLocale":{"name":"Pocket","description":"When you find something you want to view later, put it in Pocket.","creator":null,"homepageURL":null},"visible":true,"active":true,"userDisabled":false,"appDisabled":false,"descriptor":"C:\\Program Files (x86)\\Mozilla Firefox\\browser\\features\\firefox@getpocket.com.xpi","installDate":1474051718000,"updateDate":1474051718000,"applyBackgroundUpdates":1,"bootstrap":true,"skinnable":false,"size":895232,"sourceURI":null,"releaseNotesURI":null,"softDisabled":false,"foreignInstall":false,"hasBinaryComponents":false,"strictCompatibility":false,"locales":[],"targetApplications":[{"id":"{ec8030f7-c20a-464f-9b0e-13a3a9e97384}","minVersion":"49.0","maxVersion":"49.*"}],"targetPlatforms":[],"multiprocessCompatible":false,"seen":true}
1525435715034	addons.xpi	DEBUG	getModTime: Recursive scan of firefox@getpocket.com
1525435715034	addons.xpi	DEBUG	Updating XPIState for {"id":"webcompat@mozilla.org","syncGUID":"vger0jIHaUq8","location":"app-system-defaults","version":"1.0","type":"extension","internalName":null,"updateURL":null,"updateKey":null,"optionsURL":null,"optionsType":null,"aboutURL":null,"icons":{},"iconURL":null,"icon64URL":null,"defaultLocale":{"name":"Web Compat","description":"Urgent post-release fixes for web compatibility.","creator":null,"homepageURL":null},"visible":true,"active":true,"userDisabled":false,"appDisabled":false,"descriptor":"C:\\Program Files (x86)\\Mozilla Firefox\\browser\\features\\webcompat@mozilla.org.xpi","installDate":1474051718000,"updateDate":1474051718000,"applyBackgroundUpdates":1,"bootstrap":true,"skinnable":false,"size":1500,"sourceURI":null,"releaseNotesURI":null,"softDisabled":false,"foreignInstall":false,"hasBinaryComponents":false,"strictCompatibility":false,"locales":[],"targetApplications":[{"id":"{ec8030f7-c20a-464f-9b0e-13a3a9e97384}","minVersion":"49.0","maxVersion":"49.*"}],"targetPlatforms":[],"multiprocessCompatible":false,"seen":true}
1525435715035	addons.xpi	DEBUG	getModTime: Recursive scan of webcompat@mozilla.org
1525435715035	addons.xpi	DEBUG	Updating XPIState for {"id":"{972ce4c6-7e08-4474-a285-3208198ce6fd}","syncGUID":"4mDz2YYY1Yj3","location":"app-global","version":"49.0","type":"theme","internalName":"classic/1.0","updateURL":null,"updateKey":null,"optionsURL":null,"optionsType":null,"aboutURL":null,"icons":{"32":"icon.png","48":"icon.png"},"iconURL":null,"icon64URL":null,"defaultLocale":{"name":"Default","description":"The default theme.","creator":"Mozilla","homepageURL":null,"contributors":["Mozilla Contributors"]},"visible":true,"active":true,"userDisabled":false,"appDisabled":false,"descriptor":"C:\\Program Files (x86)\\Mozilla Firefox\\browser\\extensions\\{972ce4c6-7e08-4474-a285-3208198ce6fd}.xpi","installDate":1474051718000,"updateDate":1474051718000,"applyBackgroundUpdates":1,"skinnable":true,"size":21899,"sourceURI":null,"releaseNotesURI":null,"softDisabled":false,"foreignInstall":false,"hasBinaryComponents":false,"strictCompatibility":true,"locales":[],"targetApplications":[{"id":"{ec8030f7-c20a-464f-9b0e-13a3a9e97384}","minVersion":"49.0","maxVersion":"49.0"}],"targetPlatforms":[],"seen":true}
1525435715036	addons.xpi	DEBUG	getModTime: Recursive scan of {972ce4c6-7e08-4474-a285-3208198ce6fd}
1525435715037	DeferredSave.extensions.json	DEBUG	Save changes
1525435715037	addons.xpi	DEBUG	Updating database with changes to installed add-ons
1525435715037	addons.xpi-utils	DEBUG	Updating add-on states
1525435715038	addons.xpi-utils	DEBUG	Writing add-ons list
1525435715043	addons.xpi	DEBUG	Registering manifest for C:\Program Files (x86)\Mozilla Firefox\browser\features\e10srollout@mozilla.org.xpi
1525435715045	addons.xpi	DEBUG	Calling bootstrap method startup on e10srollout@mozilla.org version 1.2
1525435715045	addons.xpi	DEBUG	Registering manifest for C:\Program Files (x86)\Mozilla Firefox\browser\features\firefox@getpocket.com.xpi
1525435715046	addons.xpi	DEBUG	Calling bootstrap method startup on firefox@getpocket.com version 1.0.4
1525435715047	addons.xpi	DEBUG	Registering manifest for C:\Program Files (x86)\Mozilla Firefox\browser\features\webcompat@mozilla.org.xpi
1525435715048	addons.xpi	DEBUG	Calling bootstrap method startup on webcompat@mozilla.org version 1.0
1525435715051	addons.manager	DEBUG	Registering shutdown blocker for XPIProvider
1525435715052	addons.manager	DEBUG	Provider finished startup: XPIProvider
1525435715052	addons.manager	DEBUG	Starting provider: LightweightThemeManager
1525435715052	addons.manager	DEBUG	Registering shutdown blocker for LightweightThemeManager
1525435715052	addons.manager	DEBUG	Provider finished startup: LightweightThemeManager
1525435715053	addons.manager	DEBUG	Starting provider: GMPProvider
1525435715065	addons.manager	DEBUG	Registering shutdown blocker for GMPProvider
1525435715066	addons.manager	DEBUG	Provider finished startup: GMPProvider
1525435715066	addons.manager	DEBUG	Starting provider: PluginProvider
1525435715066	addons.manager	DEBUG	Registering shutdown blocker for PluginProvider
1525435715067	addons.manager	DEBUG	Provider finished startup: PluginProvider
1525435715068	addons.manager	DEBUG	Completed startup sequence
1525435715698	Marionette	INFO	Listening on port 55090
1525435716849	addons.manager	DEBUG	Starting provider: <unnamed-provider>
1525435716849	addons.manager	DEBUG	Registering shutdown blocker for <unnamed-provider>
1525435716849	addons.manager	DEBUG	Provider finished startup: <unnamed-provider>
1525435716932	addons.manager	DEBUG	Starting provider: PreviousExperimentProvider
1525435716932	addons.manager	DEBUG	Registering shutdown blocker for PreviousExperimentProvider
1525435716932	addons.manager	DEBUG	Provider finished startup: PreviousExperimentProvider
1525435716935	DeferredSave.extensions.json	DEBUG	Starting write
1525435717197	DeferredSave.extensions.json	DEBUG	Write succeeded
1525435717198	addons.xpi-utils	DEBUG	XPI Database saved, setting schema version preference to 17
1525435718499	Marionette	INFO	startBrowser 64b17174-5d29-492e-b3b4-8a665b7a71d7
Warning: option --plugin-path no longer exists.
[02c8b12c] core libvlc debug: VLC media player - 2.2.6 Umbrella
[02c8b12c] core libvlc debug: Copyright © 1996-2017 the VideoLAN team
[02c8b12c] core libvlc debug: revision 2.2.6-0-g1aae789
[02c8b12c] core libvlc debug: configured with ../extras/package/win32/../../../configure  '--enable-update-check' '--enable-lua' '--enable-faad' '--enable-flac' '--enable-theora' '--enable-twolame' '--enable-quicktime' '--enable-avcodec' '--enable-merge-ffmpeg' '--enable-dca' '--enable-mpc' '--enable-libass' '--enable-x264' '--enable-schroedinger' '--enable-realrtsp' '--enable-live555' '--enable-dvdread' '--enable-shout' '--enable-goom' '--enable-caca' '--disable-sdl' '--enable-qt' '--enable-skins2' '--enable-sse' '--enable-mmx' '--enable-libcddb' '--enable-zvbi' '--disable-telx' '--enable-nls' '--host=i686-w64-mingw32' 'host_alias=i686-w64-mingw32'
[02c8b12c] core libvlc debug: using multimedia timers as clock source
[02c8b12c] core libvlc debug:  min period: 1 ms, max period: 1000000 ms
[02c8b12c] core libvlc debug: searching plug-in modules
[02c8b12c] core libvlc debug: ignoring plugins cache file
[02c8b12c] core libvlc debug: recursively browsing `C:\Program Files (x86)\VideoLAN\VLC\plugins'
Qt: Untested Windows version 10.0 detected!
[02c8b12c] core libvlc debug: plug-ins loaded: 419 modules
Warning: option --plugin-path no longer exists.
[02c8b12c] core libvlc debug: translation test: code is "C"
[02c8b12c] core libvlc debug: CPU has capabilities MMX MMXEXT SSE SSE2 SSE3 SSSE3 SSE4.1 SSE4.1525435763292	addons.xpi	DEBUG	Calling bootstrap method shutdown on e10srollout@mozilla.org version 1.2
1525435763293	addons.xpi	DEBUG	Calling bootstrap method shutdown on firefox@getpocket.com version 1.0.4
1525435763295	addons.xpi	DEBUG	Calling bootstrap method shutdown on webcompat@mozilla.org version 1.0
[Child 10488] WARNING: pipe error: 109: file c:/builds/moz2_slave/m-rel-w32-00000000000000000000/build/src/ipc/chromium/src/chrome/common/ipc_channel_win.cc, line 346
[Child 10488] WARNING: pipe error: 1525435763465	addons.manager	DEBUG	shutdown
1525435763466	addons.manager	DEBUG	Calling shutdown blocker for XPIProvider
1525435763466	addons.xpi	DEBUG	shutdown
1525435763466	addons.xpi-utils	DEBUG	shutdown
1525435763467	addons.manager	DEBUG	Calling shutdown blocker for LightweightThemeManager
1525435763468	addons.manager	DEBUG	Calling shutdown blocker for GMPProvider
1525435763471	addons.manager	DEBUG	Calling shutdown blocker for PluginProvider
1525435763472	addons.manager	DEBUG	Calling shutdown blocker for <unnamed-provider>
1525435763474	addons.manager	DEBUG	Calling shutdown blocker for PreviousExperimentProvider
1525435763479	addons.xpi	DEBUG	Notifying XPI shutdown observers
1525435763484	addons.manager	DEBUG	Async provider shutdown done
ess module matching "https": 21 candidates
[063cf70c] core tls client debug: looking for tls client module matching "any": 1 candidates
[063cf70c] gnutls tls client debug: using GnuTLS version 3.2.21
[063cf70c] gnutls tls client debug: loaded 82 trusted CAs
[063cf70c] core tls client debug: using tls client module "gnutls"
[06414e6c] http access debug: querying proxy for https://ap5.salesforce.com/img/reminder.swf
[06414e6c] http access debug: no proxy
[06414e6c] http access debug: http: server='ap5.salesforce.com' port=443 file='/img/reminder.swf'
[06414e6c] core access debug: net: connecting to ap5.salesforce.com port 443
[06414e6c] core access debug: connection succeeded (socket = 1324)
[06394c8c] gnutls tls session debug: TLS handshake: Resource temporarily unavailable, try again.
[06394c8c] gnutls tls session debug: TLS 1525435873916	addons.manager	INFO	Skipping background update check
1525436113934	DeferredSave.extensions.json	DEBUG	Save changes
1525436113935	DeferredSave.extensions.json	DEBUG	Starting timer
1525436113959	DeferredSave.extensions.json	DEBUG	Starting write
1525436113965	DeferredSave.extensions.json	DEBUG	Write succeeded
JavaScript error: https://ap5.salesforce.com/page/timeoutwarn.jsp?sfdc.setJsDomain=1, line 50: TypeError: window.opener.document.getElementById(...) is null
JavaScript error: https://ap5.salesforce.com/page/timeoutwarn.jsp?sfdc.setJsDomain=1, line 61: TypeError: pd.getElementById(...) is null
JavaScript error: https://ap5.salesforce.com/page/timeoutwarn.jsp?sfdc.setJsDomain=1, line 68: Error: Permission denied to access property "forceLogout"
1525446680836	addons.xpi	DEBUG	Calling bootstrap method shutdown on e10srollout@mozilla.org version 1.2
1525446680837	addons.xpi	DEBUG	Calling bootstrap method shutdown on firefox@getpocket.com version 1.0.4
1525446680837	addons.xpi	DEBUG	Calling bootstrap method shutdown on webcompat@mozilla.org version 1.0

###!!! [Child][MessageChannel] Error: (msgtype=0x460112,name=PContent::Msg_AsyncMessage) Channel closing: too late to send/recv, messages will be lost

JavaScript error: chrome://global/content/process-content.js, line 30: NS_ERROR_UNEXPECTED: Component returned failure code: 0x8000ffff (NS_ERROR_UNEXPECTED) [nsIMessageSender.sendAsyncMessage]

###!!! [Child][MessageChannel] Error: (msgtype=0x460112,name=PContent::Msg_AsyncMessage) Channel closing: too late to send/recv, messages will be lost

JavaScript error: chrome://global/content/process-content.js, line 30: NS_ERROR_UNEXPECTED: Component returned failure code: 0x8000ffff (NS_ERROR_UNEXPECTED) [nsIMessageSender.sendAsyncMessage]

###!!! [Child][MessageChannel] Error: (msgtype=0x460112,name=PContent::Msg_AsyncMessage) Channel closing: too late to send/recv, messages will be lost

JavaScript error: chrome://global/content/process-content.js, line 30: NS_ERROR_UNEXPECTED: Component returned failure code: 0x8000ffff (NS_ERROR_UNEXPECTED) [nsIMessageSender.sendAsyncMessage]

###!!! [Child][MessageChannel] Error: (msgtype=0x460112,name=PContent::Msg_AsyncMessage) Channel closing: too late to send/recv, messages will be lost

JavaScript error: chrome://global/content/process-content.js, line 30: NS_ERROR_UNEXPECTED: Component returned failure code: 0x8000ffff (NS_ERROR_UNEXPECTED) [nsIMessageSender.sendAsyncMessage]
[Child 11732] WARNING: pipe error: 109: file c:/builds/moz2_slave/m-rel-w32-00000000000000000000/build/src/ipc/chromium/src/chrome/common/ipc_channel_win.cc, line 346

###!!! [Child][MessageChannel] Error: (msgtype=0x460112,name=PContent::Msg_AsyncMessage) Channel closing: too late to send/recv, messages will be lost

JavaScript error: chrome://global/content/process-content.js, line 30: NS_ERROR_UNEXPECTED: Component returned failure code: 0x8000ffff (NS_ERROR_UNEXPECTED) [nsIMessageSender.sendAsyncMessage]

###!!! [Child][MessageChannel] Error: (msgtype=0x2C0043,name=PBrowser::Msg___delete__) Channel closing: too late to send/recv, messages will be lost


###!!! [Child][OnMaybeDequeueOne] Error: Channel closing: too late to send/recv, messages will be lost


###!!! [Child][MessageChannel] Error: (msgtype=0x460112,name=PContent::Msg_AsyncMessage) Channel closing: too late to send/recv, messages will be lost

JavaScript error: chrome://global/content/process-content.js, line 30: NS_ERROR_UNEXPECTED: Component returned failure code: 0x8000ffff (NS_ERROR_UNEXPECTED) [nsIMessageSender.sendAsyncMessage]

###!!! [Child][MessageChannel] Error: (msgtype=0x2C0043,name=PBrowser::Msg___delete__) Channel closing: too late to send/recv, messages will be lost


###!!! [Child][OnMaybeDequeueOne] Error: Channel closing: too late to send/recv, messages will be lost


###!!! [Child][MessageChannel] Error: (msgtype=0x4600BB,name=PContent::Msg_ConsoleMessage) Channel closing: too late to send/recv, messages will be lost

1525446681205	addons.manager	DEBUG	shutdown
1525446681206	addons.manager	DEBUG	Calling shutdown blocker for XPIProvider
1525446681207	addons.xpi	DEBUG	shutdown
1525446681208	addons.xpi-utils	DEBUG	shutdown
1525446681210	addons.manager	DEBUG	Calling shutdown blocker for LightweightThemeManager
1525446681211	addons.manager	DEBUG	Calling shutdown blocker for GMPProvider
1525446681219	addons.manager	DEBUG	Calling shutdown blocker for PluginProvider
1525446681220	addons.manager	DEBUG	Calling shutdown blocker for <unnamed-provider>
1525446681228	addons.manager	DEBUG	Calling shutdown blocker for PreviousExperimentProvider
1525446681240	addons.xpi	DEBUG	Notifying XPI shutdown observers
1525446681255	addons.manager	DEBUG	Async provider shutdown done
053 bytes
[06affc6c] core audio filter debug: looking for audio filter module matching "scaletempo": 14 candidates
[06affc6c] scaletempo audio filter debug: format: 11025 rate, 1 nch, 4 bps, fl32
[06affc6c] scaletempo audio filter debug: params: 30 stride, 0.200 overlap, 14 search
[06affc6c] scaletempo audio filter debug: 1.000 scale, 330.000 stride_in, 330 stride_out, 264 standing, 66 overlap, 154 search, 550 queue, fl32 mode
[06affc6c] core audio filter debug: using audio filter module "scaletempo"
[06586d64] core audio output debug: conversion: 'mpga'->'f32l' 11025 Hz->11025 Hz Mono->Mono
[0674dbbc] core audio converter debug: looking for audio converter module matching "any": 12 candidates
[0674dbbc] core audio converter debug: no audio converter modules matched
[0674cf1c] core audio converter debug: looking for audio converter module matching "any": 12 candidates
[0674cf1c] mpgatofixed32 audio converter debug: mpga->f32l, bits per sample: 32
[0674cf1c] core audio converter debug: using audio converter module "mpgatofixed32"
[06586d64] core audio output debug: conversion pipeline complete
[06586d64] core audio output debug: conversion: 'f32l'->'f32l' 11025 Hz->11025 Hz Mono->Stereo
[0674d894] core audio converter debug: looking for audio converter module matching "any": 12 candidates
[0674d894] core audio converter debug: using audio converter module "trivial_channel_mixer"
[06586d64] core audio output debug: conversion pipeline complete
[0674d244] core audio resampler debug: looking for audio resampler module matching "any": 3 candidates
[0674d244] core audio resampler debug: using audio resampler module "samplerate"
[06aee1cc] core decoder debug: End of audio preroll
[0645aee4] core input debug: Decoder wait done in 18 ms
[0645aee4] core input debug: waiting decoder fifos to empty
[0645aee4] core input debug: waiting decoder fifos to empty
[0645aee4] core input debug: waiting decoder fifos to empty
[0645aee4] core input debug: waiting decoder fifos to empty
[06414e6c] core access debug: object waitpipe triggered
[0645aee4] core input debug: control: stopping input
[06aee1cc] core decoder debug: removing module "mpeg_audio"
[06aee1cc] core decoder debug: killing decoder fourcc `mp3 ', 0 PES in FIFO
[0674d244] core audio resampler debug: removing module "samplerate"
[0674cf1c] core audio converter debug: removing module "mpgatofixed32"
[06affc6c] core audio filter debug: removing module "scaletempo"
[0674d894] core audio converter debug: removing module "trivial_channel_mixer"
[06586d64] directsound audio output debug: closing audio device
[064328ac] core volume debug: removing module "float_mixer"
[0641fd0c] core generic debug: keeping audio output
[0641172c] core demux debug: removing module "avcodec"
[063e04ac] core stream debug: removing module "record"
[06414e6c] core access debug: removing module "http"
[0645aee4] core input debug: Program doesn't contain anymore ES
[06586d64] core audio output debug: removing module "directsound"
[02c8b12c] core libvlc debug: removing all interfaces
[02c8b12c] core libvlc debug: exiting
[02c8b12c] core libvlc debug: no exit handler
1525435763955	addons.xpi	DEBUG	Calling bootstrap method shutdown on e10srollout@mozilla.org version 1.2
1525435763956	addons.xpi	DEBUG	Calling bootstrap method shutdown on firefox@getpocket.com version 1.0.4
1525435763956	addons.xpi	DEBUG	Calling bootstrap method shutdown on webcompat@mozilla.org version 1.0
[Child 19452][NPAPI 9576] WARNING: pipe error: 109: file c:/builds/moz2_slave/m-rel-w32-00000000000000000000/build/src/ipc/chromium/src/chrome/common/ipc_channel_win.cc, line 346
1525435764119	addons.manager	DEBUG	shutdown
1525435764119	addons.manager	DEBUG	Calling shutdown blocker for XPIProvider
1525435764119	addons.xpi	DEBUG	shutdown
1525435764120	addons.xpi-utils	DEBUG	shutdown
1525435764121	addons.manager	DEBUG	Calling shutdown blocker for LightweightThemeManager
1525435764122	addons.manager	DEBUG	Calling shutdown blocker for GMPProvider
1525435764125	addons.manager	DEBUG	Calling shutdown blocker for PluginProvider
1525435764126	addons.manager	DEBUG	Calling shutdown blocker for <unnamed-provider>
1525435764130	addons.manager	DEBUG	Calling shutdown blocker for PreviousExperimentProvider
1525435764134	addons.xpi	DEBUG	Notifying XPI shutdown observers
1525435764138	addons.manager	DEBUG	Async provider shutdown done
Local\Temp\tmpaddon
1525435721726	addons.productaddons	INFO	downloadXHR File download. status=200
1525435721733	addons.productaddons	INFO	Downloaded file will be saved to C:\Users\MSTEMP~1\AppData\Local\Temp\tmpaddon
1525435723112	addons.productaddons	INFO	downloadXHR File download. status=200
1525435723116	addons.productaddons	INFO	Downloaded file will be saved to C:\Users\MSTEMP~1\AppData\Local\Temp\tmpaddon
1525435762254	addons.xpi	DEBUG	Calling bootstrap method shutdown on e10srollout@mozilla.org version 1.2
1525435762255	addons.xpi	DEBUG	Calling bootstrap method shutdown on firefox@getpocket.com version 1.0.4
1525435762255	addons.xpi	DEBUG	Calling bootstrap method shutdown on webcompat@mozilla.org version 1.0
1525435762422	addons.manager	DEBUG	shutdown
1525435762422	addons.manager	DEBUG	Calling shutdown blocker for XPIProvider
1525435762422	addons.xpi	DEBUG	shutdown
1525435762423	addons.xpi-utils	DEBUG	shutdown
1525435762424	addons.manager	DEBUG	Calling shutdown blocker for LightweightThemeManager
1525435762425	addons.manager	DEBUG	Calling shutdown blocker for GMPProvider
1525435762429	addons.manager	DEBUG	Calling shutdown blocker for PluginProvider
1525435762430	addons.manager	DEBUG	Calling shutdown blocker for <unnamed-provider>
1525435762434	addons.manager	DEBUG	Calling shutdown blocker for PreviousExperimentProvider
1525435762438	addons.xpi	DEBUG	Notifying XPI shutdown observers
1525435762444	addons.manager	DEBUG	Async provider shutdown done
